#
# There is insufficient memory for the Java Runtime Environment to continue.
# Native memory allocation (mmap) failed to map 132120576 bytes for G1 virtual space
# Possible reasons:
#   The system is out of physical RAM or swap space
#   The process is running with CompressedOops enabled, and the Java Heap may be blocking the growth of the native heap
# Possible solutions:
#   Reduce memory load on the system
#   Increase physical memory or swap space
#   Check if swap backing store is full
#   Decrease Java heap size (-Xmx/-Xms)
#   Decrease number of Java threads
#   Decrease Java thread stack sizes (-Xss)
#   Set larger code cache with -XX:ReservedCodeCacheSize=
#   JVM is running with Unscaled Compressed Oops mode in which the Java heap is
#     placed in the first 4GB address space. The Java Heap base address is the
#     maximum limit for the native heap growth. Please use -XX:HeapBaseMinAddress
#     to set the Java Heap base and to place the Java Heap above 4GB virtual address.
# This output file may be truncated or incomplete.
#
#  Out of Memory Error (os_windows.cpp:3528), pid=2652, tid=9928
#
# JRE version:  (20.0.2+9) (build )
# Java VM: Java HotSpot(TM) 64-Bit Server VM (20.0.2+9-78, mixed mode, sharing, tiered, compressed oops, compressed class ptrs, g1 gc, windows-amd64)
# No core dump will be written. Minidumps are not enabled by default on client versions of Windows
#

---------------  S U M M A R Y ------------

Command Line: ComputerAssistedInstructionFatigue

Host: Intel(R) Core(TM) i5-8350U CPU @ 1.70GHz, 8 cores, 7G,  Windows 11 , 64 bit Build 26100 (10.0.26100.6725)
Time: Thu Nov 13 03:27:42 2025 W. Central Africa Standard Time elapsed time: 0.021740 seconds (0d 0h 0m 0s)

---------------  T H R E A D  ---------------

Current thread (0x0000018121a0bf60):  JavaThread "Unknown thread" [_thread_in_vm, id=9928, stack(0x00000010de800000,0x00000010de900000)]

Stack: [0x00000010de800000,0x00000010de900000]
Native frames: (J=compiled Java code, j=interpreted, Vv=VM code, C=native code)
V  [jvm.dll+0x6bc25a]
V  [jvm.dll+0x84971a]
V  [jvm.dll+0x84b315]
V  [jvm.dll+0x84ba13]
V  [jvm.dll+0x280e4f]
V  [jvm.dll+0x6b8fe9]
V  [jvm.dll+0x6adbca]
V  [jvm.dll+0x35b165]
V  [jvm.dll+0x363386]
V  [jvm.dll+0x3b400e]
V  [jvm.dll+0x3b4295]
V  [jvm.dll+0x32b86a]
V  [jvm.dll+0x32c68b]
V  [jvm.dll+0x8123df]
V  [jvm.dll+0x3c1261]
V  [jvm.dll+0x7fe103]
V  [jvm.dll+0x44ccaf]
V  [jvm.dll+0x44e621]
C  [jli.dll+0x5287]
C  [ucrtbase.dll+0x37b0]
C  [KERNEL32.DLL+0x2e8d7]
C  [ntdll.dll+0x8c53c]


---------------  P R O C E S S  ---------------

Threads class SMR info:
_java_thread_list=0x00007ffad09cb118, length=0, elements={
}

Java Threads: ( => current thread )

Other Threads:
  0x0000018121a6b710 WorkerThread "GC Thread#0" [stack: 0x00000010de900000,0x00000010dea00000] [id=17676]
  0x0000018121a7ccd0 ConcurrentGCThread "G1 Main Marker" [stack: 0x00000010dea00000,0x00000010deb00000] [id=10164]
  0x0000018121a7dea0 WorkerThread "G1 Conc#0" [stack: 0x00000010deb00000,0x00000010dec00000] [id=22904]

[error occurred during error reporting (printing all threads), id 0xc0000005, EXCEPTION_ACCESS_VIOLATION (0xc0000005) at pc=0x00007ffad01aeea7]
VM state: not at safepoint (not fully initialized)

VM Mutex/Monitor currently owned by a thread:  ([mutex/lock_event])
[0x0000018121a064c0] Heap_lock - owner thread: 0x0000018121a0bf60

Heap address: 0x0000000083e00000, size: 1986 MB, Compressed Oops mode: 32-bit

CDS archive(s) mapped at: [0x0000000000000000-0x0000000000000000-0x0000000000000000), size 0, SharedBaseAddress: 0x0000000800000000, ArchiveRelocationMode: 1.
Narrow klass base: 0x0000000000000000, Narrow klass shift: 0, Narrow klass range: 0x0

GC Precious Log:
 CardTable entry size: 512
 Card Set container configuration: InlinePtr #cards 5 size 8 Array Of Cards #cards 12 size 40 Howl #buckets 4 coarsen threshold 1843 Howl Bitmap #cards 512 size 80 coarsen threshold 460 Card regions per heap region 1 cards per card region 2048

Heap:
 garbage-first heap   total 0K, used 0K [0x0000000083e00000, 0x0000000100000000)
  region size 1024K, 0 young (0K), 0 survivors (0K)

[error occurred during error reporting (printing heap information), id 0xc0000005, EXCEPTION_ACCESS_VIOLATION (0xc0000005) at pc=0x00007ffad05847b9]
GC Heap History (0 events):
No events

Dll operation events (1 events):
Event: 0.013 Loaded shared library C:\Program Files\Java\jdk-20\bin\java.dll

Deoptimization events (0 events):
No events

Classes loaded (0 events):
No events

Classes unloaded (0 events):
No events

Classes redefined (0 events):
No events

Internal exceptions (0 events):
No events

VM Operations (0 events):
No events

Events (0 events):
No events


Dynamic libraries:
0x00007ff6e92f0000 - 0x00007ff6e9300000 	C:\Program Files\Java\jdk-20\bin\java.exe
0x00007ffb78160000 - 0x00007ffb783c8000 	C:\WINDOWS\SYSTEM32\ntdll.dll
0x00007ffb76cb0000 - 0x00007ffb76d79000 	C:\WINDOWS\System32\KERNEL32.DLL
0x00007ffb75670000 - 0x00007ffb75a62000 	C:\WINDOWS\System32\KERNELBASE.dll
0x00007ffb75ba0000 - 0x00007ffb75ceb000 	C:\WINDOWS\System32\ucrtbase.dll
0x00007ffb72ec0000 - 0x00007ffb72edb000 	C:\Program Files\Java\jdk-20\bin\VCRUNTIME140.dll
0x00007ffb63af0000 - 0x00007ffb63b09000 	C:\Program Files\Java\jdk-20\bin\jli.dll
0x00007ffb77a20000 - 0x00007ffb77ad4000 	C:\WINDOWS\System32\ADVAPI32.dll
0x00007ffb775d0000 - 0x00007ffb77679000 	C:\WINDOWS\System32\msvcrt.dll
0x00007ffb77520000 - 0x00007ffb775c6000 	C:\WINDOWS\System32\sechost.dll
0x00007ffb77220000 - 0x00007ffb77338000 	C:\WINDOWS\System32\RPCRT4.dll
0x00007ffb76ae0000 - 0x00007ffb76ca5000 	C:\WINDOWS\System32\USER32.dll
0x00007ffb59670000 - 0x00007ffb59903000 	C:\WINDOWS\WinSxS\amd64_microsoft.windows.common-controls_6595b64144ccf1df_6.0.26100.6899_none_3e0efeeae32e88c1\COMCTL32.dll
0x00007ffb754d0000 - 0x00007ffb754f7000 	C:\WINDOWS\System32\win32u.dll
0x00007ffb76930000 - 0x00007ffb7695b000 	C:\WINDOWS\System32\GDI32.dll
0x00007ffb752f0000 - 0x00007ffb7541d000 	C:\WINDOWS\System32\gdi32full.dll
0x00007ffb72e80000 - 0x00007ffb72e8b000 	C:\WINDOWS\SYSTEM32\VERSION.dll
0x00007ffb75420000 - 0x00007ffb754c3000 	C:\WINDOWS\System32\msvcp_win.dll
0x00007ffb76e60000 - 0x00007ffb76e8f000 	C:\WINDOWS\System32\IMM32.DLL
0x00007ffb72eb0000 - 0x00007ffb72ebc000 	C:\Program Files\Java\jdk-20\bin\vcruntime140_1.dll
0x00007ffaf3a30000 - 0x00007ffaf3abe000 	C:\Program Files\Java\jdk-20\bin\msvcp140.dll
0x00007ffacfe70000 - 0x00007ffad0b08000 	C:\Program Files\Java\jdk-20\bin\server\jvm.dll
0x00007ffb619e0000 - 0x00007ffb619ea000 	C:\WINDOWS\SYSTEM32\WSOCK32.dll
0x00007ffb59910000 - 0x00007ffb59945000 	C:\WINDOWS\SYSTEM32\WINMM.dll
0x00007ffb76d80000 - 0x00007ffb76df4000 	C:\WINDOWS\System32\WS2_32.dll
0x00007ffb740c0000 - 0x00007ffb740db000 	C:\WINDOWS\SYSTEM32\kernel.appcore.dll
0x00007ffb5ff30000 - 0x00007ffb5ff3a000 	C:\Program Files\Java\jdk-20\bin\jimage.dll
0x00007ffb71990000 - 0x00007ffb71bd2000 	C:\WINDOWS\SYSTEM32\DBGHELP.DLL
0x00007ffb76ea0000 - 0x00007ffb7721b000 	C:\WINDOWS\System32\combase.dll
0x00007ffb767d0000 - 0x00007ffb768a7000 	C:\WINDOWS\System32\OLEAUT32.dll
0x00007ffb6e4e0000 - 0x00007ffb6e51c000 	C:\WINDOWS\SYSTEM32\dbgcore.DLL
0x00007ffb75a70000 - 0x00007ffb75b08000 	C:\WINDOWS\System32\bcryptPrimitives.dll
0x00007ffaf3a00000 - 0x00007ffaf3a26000 	C:\Program Files\Java\jdk-20\bin\java.dll

dbghelp: loaded successfully - version: 4.0.5 - missing functions: none
symbol engine: initialized successfully - sym options: 0x614 - pdb path: .;C:\Program Files\Java\jdk-20\bin;C:\WINDOWS\SYSTEM32;C:\WINDOWS\WinSxS\amd64_microsoft.windows.common-controls_6595b64144ccf1df_6.0.26100.6899_none_3e0efeeae32e88c1;C:\Program Files\Java\jdk-20\bin\server

VM Arguments:
java_command: ComputerAssistedInstructionFatigue
java_class_path (initial): .
Launcher Type: SUN_STANDARD

[Global flags]
     intx CICompilerCount                          = 4                                         {product} {ergonomic}
     uint ConcGCThreads                            = 2                                         {product} {ergonomic}
     uint G1ConcRefinementThreads                  = 8                                         {product} {ergonomic}
   size_t G1HeapRegionSize                         = 1048576                                   {product} {ergonomic}
    uintx GCDrainStackTargetSize                   = 64                                        {product} {ergonomic}
   size_t InitialHeapSize                          = 132120576                                 {product} {ergonomic}
   size_t MarkStackSize                            = 4194304                                   {product} {ergonomic}
   size_t MaxHeapSize                              = 2082471936                                {product} {ergonomic}
   size_t MinHeapDeltaBytes                        = 1048576                                   {product} {ergonomic}
   size_t MinHeapSize                              = 8388608                                   {product} {ergonomic}
    uintx NonNMethodCodeHeapSize                   = 5839372                                {pd product} {ergonomic}
    uintx NonProfiledCodeHeapSize                  = 122909434                              {pd product} {ergonomic}
    uintx ProfiledCodeHeapSize                     = 122909434                              {pd product} {ergonomic}
    uintx ReservedCodeCacheSize                    = 251658240                              {pd product} {ergonomic}
     bool SegmentedCodeCache                       = true                                      {product} {ergonomic}
   size_t SoftMaxHeapSize                          = 2082471936                             {manageable} {ergonomic}
     bool UseCompressedClassPointers               = true                           {product lp64_product} {ergonomic}
     bool UseCompressedOops                        = true                           {product lp64_product} {ergonomic}
     bool UseG1GC                                  = true                                      {product} {ergonomic}
     bool UseLargePagesIndividualAllocation        = false                                  {pd product} {ergonomic}

Logging:
Log output configuration:
 #0: stdout all=warning uptime,level,tags foldmultilines=false
 #1: stderr all=off uptime,level,tags foldmultilines=false

Environment Variables:
PATH=C:\Program Files\Common Files\Oracle\Java\javapath;C:\Program Files\Microsoft MPI\Bin\;C:\WINDOWS\system32;C:\WINDOWS;C:\WINDOWS\System32\Wbem;C:\WINDOWS\System32\WindowsPowerShell\v1.0\;C:\WINDOWS\System32\OpenSSH\;C:\Program Files (x86)\Microsoft SQL Server\160\Tools\Binn\;C:\Program Files\Microsoft SQL Server\160\Tools\Binn\;C:\Program Files\Microsoft SQL Server\Client SDK\ODBC\170\Tools\Binn\;C:\Program Files\Microsoft SQL Server\160\DTS\Binn\;C:\Program Files (x86)\Microsoft SQL Server\160\DTS\Binn\;C:\Program Files\Azure Data Studio\bin;C:\Program Files\Git\cmd;C:\Program Files\Java\jdk-20\bin;C:\Users\USER\AppData\Local\Programs\Python\Python312\Scripts\;C:\Users\USER\AppData\Local\Programs\Python\Python312\;C:\Users\USER\AppData\Local\Microsoft\WindowsApps;;C:\Users\USER\AppData\Local\Programs\Microsoft VS Code\bin;C:\Program Files\Azure Data Studio\bin;C:\Program Files\JetBrains\PyCharm Community Edition 2025.2\bin
USERNAME=USER
OS=Windows_NT
PROCESSOR_IDENTIFIER=Intel64 Family 6 Model 142 Stepping 10, GenuineIntel
TMP=C:\Users\USER\AppData\Local\Temp
TEMP=C:\Users\USER\AppData\Local\Temp




---------------  S Y S T E M  ---------------

OS:
 Windows 11 , 64 bit Build 26100 (10.0.26100.6725)
OS uptime: 9 days 3:25 hours

CPU: total 8 (initial active 8) (4 cores per cpu, 2 threads per core) family 6 model 142 stepping 10 microcode 0xf6, cx8, cmov, fxsr, ht, mmx, 3dnowpref, sse, sse2, sse3, ssse3, sse4.1, sse4.2, popcnt, lzcnt, tsc, tscinvbit, avx, avx2, aes, erms, clmul, bmi1, bmi2, rtm, adx, fma, vzeroupper, clflush, clflushopt, rdtscp, f16c

Memory: 4k page, system-wide physical 7939M (934M free)
TotalPageFile size 12408M (AvailPageFile size 79M)
current process WorkingSet (physical memory assigned to process): 12M, peak: 12M
current process commit charge ("private bytes"): 60M, peak: 186M

vm_info: Java HotSpot(TM) 64-Bit Server VM (20.0.2+9-78) for windows-amd64 JRE (20.0.2+9-78), built on 2023-06-14T10:08:48Z by "mach5one" with MS VC++ 17.1 (VS2022)

END.
